<?xml version="1.0" encoding="UTF-8"?>
<!-- Generated by org.testng.reporters.JUnitReportReporter -->
<testsuite skipped="0" hostname="BDC7-D-5TNFXH2" name="selenium.NewTest" tests="2" failures="0" timestamp="03 Jul 2018 05:38:48 GMT" time="0.015" errors="0">
  <testcase name="testDemoWebShop" time="0.013" classname="selenium.NewTest"/>
  <testcase name="testpayment" time="0.002" classname="selenium.NewTest"/>
</testsuite> <!-- selenium.NewTest -->
