<?xml version="1.0" encoding="UTF-8"?>
<!-- Generated by org.testng.reporters.JUnitReportReporter -->
<testsuite hostname="BDC7-D-5TNFXH2" name="com.tests.test2" tests="1" failures="0" timestamp="4 Jul 2018 04:47:11 GMT" time="16.543" errors="0">
  <testcase name="testGitHubLogin" time="16.543" classname="com.tests.test2"/>
</testsuite> <!-- com.tests.test2 -->
